#
# There is insufficient memory for the Java Runtime Environment to continue.
# Native memory allocation (malloc) failed to allocate 1199056 bytes for Chunk::new
# Possible reasons:
#   The system is out of physical RAM or swap space
#   The process is running with CompressedOops enabled, and the Java Heap may be blocking the growth of the native heap
# Possible solutions:
#   Reduce memory load on the system
#   Increase physical memory or swap space
#   Check if swap backing store is full
#   Decrease Java heap size (-Xmx/-Xms)
#   Decrease number of Java threads
#   Decrease Java thread stack sizes (-Xss)
#   Set larger code cache with -XX:ReservedCodeCacheSize=
#   JVM is running with Unscaled Compressed Oops mode in which the Java heap is
#     placed in the first 4GB address space. The Java Heap base address is the
#     maximum limit for the native heap growth. Please use -XX:HeapBaseMinAddress
#     to set the Java Heap base and to place the Java Heap above 4GB virtual address.
# This output file may be truncated or incomplete.
#
#  Out of Memory Error (arena.cpp:184), pid=37276, tid=26664
#
# JRE version: OpenJDK Runtime Environment Temurin-20.0.1+9 (20.0.1+9) (build 20.0.1+9)
# Java VM: OpenJDK 64-Bit Server VM Temurin-20.0.1+9 (20.0.1+9, mixed mode, tiered, compressed oops, compressed class ptrs, g1 gc, windows-amd64)
# No core dump will be written. Minidumps are not enabled by default on client versions of Windows
#

---------------  S U M M A R Y ------------

Command Line: C:\Users\Zulkar Naine Alam\AppData\Local\Temp\surefire11954940765581976816\surefirebooter-20251030212620570_3.jar C:\Users\Zulkar Naine Alam\AppData\Local\Temp\surefire11954940765581976816 2025-10-30T21-26-20_277-jvmRun1 surefire-20251030212620570_1tmp surefire_0-20251030212620570_2tmp

Host: 11th Gen Intel(R) Core(TM) i5-1155G7 @ 2.50GHz, 8 cores, 7G,  Windows 11 , 64 bit Build 26100 (10.0.26100.6725)
Time: Thu Oct 30 21:26:35 2025 India Standard Time elapsed time: 14.476028 seconds (0d 0h 0m 14s)

---------------  T H R E A D  ---------------

Current thread (0x00000228f43474b0):  JavaThread "C2 CompilerThread1" daemon [_thread_in_native, id=26664, stack(0x00000095dcf00000,0x00000095dd000000)]


Current CompileTask:
C2:  14476 6570       4       org.springframework.core.ResolvableType::forType (112 bytes)

Stack: [0x00000095dcf00000,0x00000095dd000000]
Native frames: (J=compiled Java code, j=interpreted, Vv=VM code, C=native code)
V  [jvm.dll+0x6c44aa]
V  [jvm.dll+0x8a27fc]
V  [jvm.dll+0x8a4405]
V  [jvm.dll+0x8a4b03]
V  [jvm.dll+0x284a4f]
V  [jvm.dll+0xc4ad1]
V  [jvm.dll+0xc4de5]
V  [jvm.dll+0x3c1201]
V  [jvm.dll+0x38b637]
V  [jvm.dll+0x38aaba]
V  [jvm.dll+0x24ea3b]
V  [jvm.dll+0x24de31]
V  [jvm.dll+0x1d09c1]
V  [jvm.dll+0x25d75b]
V  [jvm.dll+0x25be40]
V  [jvm.dll+0x3f8f05]
V  [jvm.dll+0x84e976]
V  [jvm.dll+0x6c310b]
C  [ucrtbase.dll+0x37b0]
C  [KERNEL32.DLL+0x2e8d7]
C  [ntdll.dll+0x8c53c]


---------------  P R O C E S S  ---------------

Threads class SMR info:
_java_thread_list=0x00000228f5b389f0, length=27, elements={
0x00000228d36209c0, 0x00000228ef854680, 0x00000228ef854fc0, 0x00000228ef8906a0,
0x00000228ef890fe0, 0x00000228ef893490, 0x00000228ef8941e0, 0x00000228ef897880,
0x00000228ef88d7e0, 0x00000228efa50220, 0x00000228efa68fb0, 0x00000228f00bb430,
0x00000228f00f0750, 0x00000228f1bbfbf0, 0x00000228f251ba30, 0x00000228f251bf80,
0x00000228f251c4d0, 0x00000228f43ce210, 0x00000228f43ce760, 0x00000228f43474b0,
0x00000228f43cfca0, 0x00000228f43cf200, 0x00000228f43cecb0, 0x00000228f43cf750,
0x00000228f43d01f0, 0x00000228f43d0740, 0x00000228f43cd220
}

Java Threads: ( => current thread )
  0x00000228d36209c0 JavaThread "main" [_thread_in_native, id=31184, stack(0x00000095db100000,0x00000095db200000)]
  0x00000228ef854680 JavaThread "Reference Handler" daemon [_thread_blocked, id=32680, stack(0x00000095db800000,0x00000095db900000)]
  0x00000228ef854fc0 JavaThread "Finalizer" daemon [_thread_blocked, id=2368, stack(0x00000095db900000,0x00000095dba00000)]
  0x00000228ef8906a0 JavaThread "Signal Dispatcher" daemon [_thread_blocked, id=21448, stack(0x00000095dba00000,0x00000095dbb00000)]
  0x00000228ef890fe0 JavaThread "Attach Listener" daemon [_thread_blocked, id=25064, stack(0x00000095dbb00000,0x00000095dbc00000)]
  0x00000228ef893490 JavaThread "Service Thread" daemon [_thread_blocked, id=30688, stack(0x00000095dbc00000,0x00000095dbd00000)]
  0x00000228ef8941e0 JavaThread "Monitor Deflation Thread" daemon [_thread_blocked, id=37408, stack(0x00000095dbd00000,0x00000095dbe00000)]
  0x00000228ef897880 JavaThread "C2 CompilerThread0" daemon [_thread_in_native, id=33508, stack(0x00000095dbe00000,0x00000095dbf00000)]
  0x00000228ef88d7e0 JavaThread "C1 CompilerThread0" daemon [_thread_blocked, id=35524, stack(0x00000095dbf00000,0x00000095dc000000)]
  0x00000228efa50220 JavaThread "Notification Thread" daemon [_thread_blocked, id=33156, stack(0x00000095dc000000,0x00000095dc100000)]
  0x00000228efa68fb0 JavaThread "Common-Cleaner" daemon [_thread_blocked, id=33408, stack(0x00000095dc200000,0x00000095dc300000)]
  0x00000228f00bb430 JavaThread "surefire-forkedjvm-stream-flusher" daemon [_thread_blocked, id=21260, stack(0x00000095dc400000,0x00000095dc500000)]
  0x00000228f00f0750 JavaThread "surefire-forkedjvm-command-thread" daemon [_thread_in_native, id=18576, stack(0x00000095dc500000,0x00000095dc600000)]
  0x00000228f1bbfbf0 JavaThread "Keep-Alive-Timer" daemon [_thread_blocked, id=32560, stack(0x00000095dc300000,0x00000095dc400000)]
  0x00000228f251ba30 JavaThread "BufferPoolPruner-1-thread-1" daemon [_thread_blocked, id=31096, stack(0x00000095dd100000,0x00000095dd200000)]
  0x00000228f251bf80 JavaThread "cluster-ClusterId{value='69038aad732d5eef6b6ac311', description='null'}-localhost:27017" daemon [_thread_in_native, id=23136, stack(0x00000095dd200000,0x00000095dd300000)]
  0x00000228f251c4d0 JavaThread "cluster-rtt-ClusterId{value='69038aad732d5eef6b6ac311', description='null'}-localhost:27017" daemon [_thread_blocked, id=21196, stack(0x00000095dd300000,0x00000095dd400000)]
  0x00000228f43ce210 JavaThread "MaintenanceTimer-2-thread-1" daemon [_thread_blocked, id=32832, stack(0x00000095dd400000,0x00000095dd500000)]
  0x00000228f43ce760 JavaThread "spring.cloud.inetutils" daemon [_thread_blocked, id=25432, stack(0x00000095dd500000,0x00000095dd600000)]
=>0x00000228f43474b0 JavaThread "C2 CompilerThread1" daemon [_thread_in_native, id=26664, stack(0x00000095dcf00000,0x00000095dd000000)]
  0x00000228f43cfca0 JavaThread "spectator-gauge-polling-0" daemon [_thread_blocked, id=35856, stack(0x00000095dd000000,0x00000095dd100000)]
  0x00000228f43cf200 JavaThread "AsyncResolver-bootstrap-%d" daemon [_thread_blocked, id=6324, stack(0x00000095dd600000,0x00000095dd700000)]
  0x00000228f43cecb0 JavaThread "DiscoveryClient-%d" daemon [_thread_blocked, id=34680, stack(0x00000095dd800000,0x00000095dd900000)]
  0x00000228f43cf750 JavaThread "DiscoveryClient-%d" daemon [_thread_blocked, id=21248, stack(0x00000095dd900000,0x00000095dda00000)]
  0x00000228f43d01f0 JavaThread "DiscoveryClient-InstanceInfoReplicator-%d" daemon [_thread_blocked, id=28380, stack(0x00000095dda00000,0x00000095ddb00000)]
  0x00000228f43d0740 JavaThread "ThreadPoolTaskScheduler-1" [_thread_blocked, id=25272, stack(0x00000095dd700000,0x00000095dd800000)]
  0x00000228f43cd220 JavaThread "org.springframework.kafka.KafkaListenerEndpointContainer#0-0-C-1" [_thread_in_native, id=29844, stack(0x00000095ddb00000,0x00000095ddc00000)]

Other Threads:
  0x00000228eb79ec50 VMThread "VM Thread" [stack: 0x00000095db700000,0x00000095db800000] [id=13744]
  0x00000228ef9ab970 WatcherThread "VM Periodic Task Thread" [stack: 0x00000095dc100000,0x00000095dc200000] [id=24828]
  0x00000228d367c610 WorkerThread "GC Thread#0" [stack: 0x00000095db200000,0x00000095db300000] [id=27308]
  0x00000228f0b087d0 WorkerThread "GC Thread#1" [stack: 0x00000095dc600000,0x00000095dc700000] [id=14048]
  0x00000228f0b08d70 WorkerThread "GC Thread#2" [stack: 0x00000095dc700000,0x00000095dc800000] [id=15088]
  0x00000228f0b08aa0 WorkerThread "GC Thread#3" [stack: 0x00000095dc800000,0x00000095dc900000] [id=33368]
  0x00000228f0b09040 WorkerThread "GC Thread#4" [stack: 0x00000095dc900000,0x00000095dca00000] [id=36404]
  0x00000228f0b0a120 WorkerThread "GC Thread#5" [stack: 0x00000095dca00000,0x00000095dcb00000] [id=34184]
  0x00000228f0b09310 WorkerThread "GC Thread#6" [stack: 0x00000095dcb00000,0x00000095dcc00000] [id=12948]
  0x00000228f0b095e0 WorkerThread "GC Thread#7" [stack: 0x00000095dcc00000,0x00000095dcd00000] [id=29688]
  0x00000228d368c930 ConcurrentGCThread "G1 Main Marker" [stack: 0x00000095db300000,0x00000095db400000] [id=20704]
  0x00000228d368e0e0 WorkerThread "G1 Conc#0" [stack: 0x00000095db400000,0x00000095db500000] [id=1172]
  0x00000228f0b0a3f0 WorkerThread "G1 Conc#1" [stack: 0x00000095dcd00000,0x00000095dce00000] [id=32472]
  0x00000228eb60d060 ConcurrentGCThread "G1 Refine#0" [stack: 0x00000095db500000,0x00000095db600000] [id=37744]
  0x00000228eb610bd0 ConcurrentGCThread "G1 Service" [stack: 0x00000095db600000,0x00000095db700000] [id=22172]

Threads with active compile tasks:
C2 CompilerThread0    14504 6564       4       org.springframework.core.ResolvableType::hasGenerics (14 bytes)
C2 CompilerThread1    14504 6570       4       org.springframework.core.ResolvableType::forType (112 bytes)

VM state: not at safepoint (normal execution)

VM Mutex/Monitor currently owned by a thread: None

Heap address: 0x0000000085800000, size: 1960 MB, Compressed Oops mode: 32-bit

CDS archive(s) not mapped
Compressed class space mapped at: 0x0000000100000000-0x0000000140000000, reserved size: 1073741824
Narrow klass base: 0x0000000000000000, Narrow klass shift: 3, Narrow klass range: 0x140000000

GC Precious Log:
 CardTable entry size: 512
 Card Set container configuration: InlinePtr #cards 5 size 8 Array Of Cards #cards 12 size 40 Howl #buckets 4 coarsen threshold 1843 Howl Bitmap #cards 512 size 80 coarsen threshold 460 Card regions per heap region 1 cards per card region 2048
 CPUs: 8 total, 8 available
 Memory: 7834M
 Large Page Support: Disabled
 NUMA Support: Disabled
 Compressed Oops: Enabled (32-bit)
 Heap Region Size: 1M
 Heap Min Capacity: 8M
 Heap Initial Capacity: 124M
 Heap Max Capacity: 1960M
 Pre-touch: Disabled
 Parallel Workers: 8
 Concurrent Workers: 2
 Concurrent Refinement Workers: 8
 Periodic GC: Disabled

Heap:
 garbage-first heap   total 77824K, used 61906K [0x0000000085800000, 0x0000000100000000)
  region size 1024K, 25 young (25600K), 4 survivors (4096K)
 Metaspace       used 76162K, committed 76992K, reserved 1179648K
  class space    used 9415K, committed 9792K, reserved 1048576K

Heap Regions: E=young(eden), S=young(survivor), O=old, HS=humongous(starts), HC=humongous(continues), CS=collection set, F=free, OA=open archive, CA=closed archive, TAMS=top-at-mark-start, PB=parsable bottom
|   0|0x0000000085800000, 0x0000000085900000, 0x0000000085900000|100%|HS|  |TAMS 0x0000000085800000| PB 0x0000000085800000| Complete 
|   1|0x0000000085900000, 0x0000000085a00000, 0x0000000085a00000|100%| O|  |TAMS 0x0000000085900000| PB 0x0000000085900000| Untracked 
|   2|0x0000000085a00000, 0x0000000085b00000, 0x0000000085b00000|100%|HS|  |TAMS 0x0000000085a00000| PB 0x0000000085a00000| Complete 
|   3|0x0000000085b00000, 0x0000000085c00000, 0x0000000085c00000|100%| O|  |TAMS 0x0000000085b00000| PB 0x0000000085b00000| Untracked 
|   4|0x0000000085c00000, 0x0000000085d00000, 0x0000000085d00000|100%| O|  |TAMS 0x0000000085c00000| PB 0x0000000085c00000| Untracked 
|   5|0x0000000085d00000, 0x0000000085e00000, 0x0000000085e00000|100%| O|  |TAMS 0x0000000085d00000| PB 0x0000000085d00000| Untracked 
|   6|0x0000000085e00000, 0x0000000085f00000, 0x0000000085f00000|100%| O|  |TAMS 0x0000000085e00000| PB 0x0000000085e00000| Untracked 
|   7|0x0000000085f00000, 0x0000000086000000, 0x0000000086000000|100%| O|  |TAMS 0x0000000085f00000| PB 0x0000000085f00000| Untracked 
|   8|0x0000000086000000, 0x0000000086100000, 0x0000000086100000|100%| O|  |TAMS 0x0000000086000000| PB 0x0000000086000000| Untracked 
|   9|0x0000000086100000, 0x0000000086200000, 0x0000000086200000|100%| O|  |TAMS 0x0000000086100000| PB 0x0000000086100000| Untracked 
|  10|0x0000000086200000, 0x0000000086300000, 0x0000000086300000|100%| O|  |TAMS 0x0000000086200000| PB 0x0000000086200000| Untracked 
|  11|0x0000000086300000, 0x0000000086400000, 0x0000000086400000|100%| O|  |TAMS 0x0000000086300000| PB 0x0000000086300000| Untracked 
|  12|0x0000000086400000, 0x0000000086500000, 0x0000000086500000|100%| O|  |TAMS 0x0000000086400000| PB 0x0000000086400000| Untracked 
|  13|0x0000000086500000, 0x0000000086600000, 0x0000000086600000|100%| O|  |TAMS 0x0000000086500000| PB 0x0000000086500000| Untracked 
|  14|0x0000000086600000, 0x0000000086700000, 0x0000000086700000|100%| O|  |TAMS 0x0000000086600000| PB 0x0000000086600000| Untracked 
|  15|0x0000000086700000, 0x0000000086800000, 0x0000000086800000|100%| O|  |TAMS 0x0000000086700000| PB 0x0000000086700000| Untracked 
|  16|0x0000000086800000, 0x0000000086900000, 0x0000000086900000|100%| O|  |TAMS 0x0000000086800000| PB 0x0000000086800000| Untracked 
|  17|0x0000000086900000, 0x0000000086a00000, 0x0000000086a00000|100%| O|  |TAMS 0x0000000086900000| PB 0x0000000086900000| Untracked 
|  18|0x0000000086a00000, 0x0000000086b00000, 0x0000000086b00000|100%| O|  |TAMS 0x0000000086a00000| PB 0x0000000086a00000| Untracked 
|  19|0x0000000086b00000, 0x0000000086c00000, 0x0000000086c00000|100%| O|  |TAMS 0x0000000086b00000| PB 0x0000000086b00000| Untracked 
|  20|0x0000000086c00000, 0x0000000086c00000, 0x0000000086d00000|  0%| F|  |TAMS 0x0000000086c00000| PB 0x0000000086c00000| Untracked 
|  21|0x0000000086d00000, 0x0000000086e00000, 0x0000000086e00000|100%| O|  |TAMS 0x0000000086d00000| PB 0x0000000086d00000| Untracked 
|  22|0x0000000086e00000, 0x0000000086f00000, 0x0000000086f00000|100%| O|  |TAMS 0x0000000086e00000| PB 0x0000000086e00000| Untracked 
|  23|0x0000000086f00000, 0x0000000087000000, 0x0000000087000000|100%| O|  |TAMS 0x0000000086f00000| PB 0x0000000086f00000| Untracked 
|  24|0x0000000087000000, 0x0000000087100000, 0x0000000087100000|100%| O|  |TAMS 0x0000000087000000| PB 0x0000000087000000| Untracked 
|  25|0x0000000087100000, 0x0000000087200000, 0x0000000087200000|100%| O|  |TAMS 0x0000000087100000| PB 0x0000000087100000| Untracked 
|  26|0x0000000087200000, 0x0000000087300000, 0x0000000087300000|100%| O|  |TAMS 0x0000000087200000| PB 0x0000000087200000| Untracked 
|  27|0x0000000087300000, 0x0000000087400000, 0x0000000087400000|100%| O|  |TAMS 0x0000000087300000| PB 0x0000000087300000| Untracked 
|  28|0x0000000087400000, 0x0000000087500000, 0x0000000087500000|100%| O|  |TAMS 0x0000000087400000| PB 0x0000000087400000| Untracked 
|  29|0x0000000087500000, 0x0000000087600000, 0x0000000087600000|100%| O|  |TAMS 0x0000000087500000| PB 0x0000000087500000| Untracked 
|  30|0x0000000087600000, 0x0000000087700000, 0x0000000087700000|100%| O|  |TAMS 0x0000000087600000| PB 0x0000000087600000| Untracked 
|  31|0x0000000087700000, 0x0000000087800000, 0x0000000087800000|100%| O|  |TAMS 0x0000000087700000| PB 0x0000000087700000| Untracked 
|  32|0x0000000087800000, 0x0000000087900000, 0x0000000087900000|100%| O|  |TAMS 0x0000000087800000| PB 0x0000000087800000| Untracked 
|  33|0x0000000087900000, 0x0000000087a00000, 0x0000000087a00000|100%| O|  |TAMS 0x0000000087900000| PB 0x0000000087900000| Untracked 
|  34|0x0000000087a00000, 0x0000000087b00000, 0x0000000087b00000|100%| O|  |TAMS 0x0000000087a00000| PB 0x0000000087a00000| Untracked 
|  35|0x0000000087b00000, 0x0000000087c00000, 0x0000000087c00000|100%| O|  |TAMS 0x0000000087b00000| PB 0x0000000087b00000| Untracked 
|  36|0x0000000087c00000, 0x0000000087c00000, 0x0000000087d00000|  0%| F|  |TAMS 0x0000000087c00000| PB 0x0000000087c00000| Untracked 
|  37|0x0000000087d00000, 0x0000000087d00000, 0x0000000087e00000|  0%| F|  |TAMS 0x0000000087d00000| PB 0x0000000087d00000| Untracked 
|  38|0x0000000087e00000, 0x0000000087e00000, 0x0000000087f00000|  0%| F|  |TAMS 0x0000000087e00000| PB 0x0000000087e00000| Untracked 
|  39|0x0000000087f00000, 0x0000000087f00000, 0x0000000088000000|  0%| F|  |TAMS 0x0000000087f00000| PB 0x0000000087f00000| Untracked 
|  40|0x0000000088000000, 0x0000000088000000, 0x0000000088100000|  0%| F|  |TAMS 0x0000000088000000| PB 0x0000000088000000| Untracked 
|  41|0x0000000088100000, 0x0000000088174800, 0x0000000088200000| 45%| O|  |TAMS 0x0000000088100000| PB 0x0000000088100000| Untracked 
|  42|0x0000000088200000, 0x0000000088200000, 0x0000000088300000|  0%| F|  |TAMS 0x0000000088200000| PB 0x0000000088200000| Untracked 
|  43|0x0000000088300000, 0x0000000088300000, 0x0000000088400000|  0%| F|  |TAMS 0x0000000088300000| PB 0x0000000088300000| Untracked 
|  44|0x0000000088400000, 0x0000000088500000, 0x0000000088500000|100%| S|CS|TAMS 0x0000000088400000| PB 0x0000000088400000| Complete 
|  45|0x0000000088500000, 0x0000000088600000, 0x0000000088600000|100%| S|CS|TAMS 0x0000000088500000| PB 0x0000000088500000| Complete 
|  46|0x0000000088600000, 0x0000000088700000, 0x0000000088700000|100%| S|CS|TAMS 0x0000000088600000| PB 0x0000000088600000| Complete 
|  47|0x0000000088700000, 0x0000000088800000, 0x0000000088800000|100%| S|CS|TAMS 0x0000000088700000| PB 0x0000000088700000| Complete 
|  48|0x0000000088800000, 0x0000000088800000, 0x0000000088900000|  0%| F|  |TAMS 0x0000000088800000| PB 0x0000000088800000| Untracked 
|  49|0x0000000088900000, 0x0000000088900000, 0x0000000088a00000|  0%| F|  |TAMS 0x0000000088900000| PB 0x0000000088900000| Untracked 
|  50|0x0000000088a00000, 0x0000000088a00000, 0x0000000088b00000|  0%| F|  |TAMS 0x0000000088a00000| PB 0x0000000088a00000| Untracked 
|  51|0x0000000088b00000, 0x0000000088b00000, 0x0000000088c00000|  0%| F|  |TAMS 0x0000000088b00000| PB 0x0000000088b00000| Untracked 
|  52|0x0000000088c00000, 0x0000000088c00000, 0x0000000088d00000|  0%| F|  |TAMS 0x0000000088c00000| PB 0x0000000088c00000| Untracked 
|  53|0x0000000088d00000, 0x0000000088d00000, 0x0000000088e00000|  0%| F|  |TAMS 0x0000000088d00000| PB 0x0000000088d00000| Untracked 
|  54|0x0000000088e00000, 0x0000000088e19898, 0x0000000088f00000|  9%| E|  |TAMS 0x0000000088e00000| PB 0x0000000088e00000| Complete 
|  55|0x0000000088f00000, 0x0000000089000000, 0x0000000089000000|100%| E|CS|TAMS 0x0000000088f00000| PB 0x0000000088f00000| Complete 
|  56|0x0000000089000000, 0x0000000089100000, 0x0000000089100000|100%| E|CS|TAMS 0x0000000089000000| PB 0x0000000089000000| Complete 
|  57|0x0000000089100000, 0x0000000089200000, 0x0000000089200000|100%| E|CS|TAMS 0x0000000089100000| PB 0x0000000089100000| Complete 
|  58|0x0000000089200000, 0x0000000089300000, 0x0000000089300000|100%| E|CS|TAMS 0x0000000089200000| PB 0x0000000089200000| Complete 
|  59|0x0000000089300000, 0x0000000089400000, 0x0000000089400000|100%| E|CS|TAMS 0x0000000089300000| PB 0x0000000089300000| Complete 
|  60|0x0000000089400000, 0x0000000089500000, 0x0000000089500000|100%| E|CS|TAMS 0x0000000089400000| PB 0x0000000089400000| Complete 
|  61|0x0000000089500000, 0x0000000089600000, 0x0000000089600000|100%| E|CS|TAMS 0x0000000089500000| PB 0x0000000089500000| Complete 
|  62|0x0000000089600000, 0x0000000089700000, 0x0000000089700000|100%| E|CS|TAMS 0x0000000089600000| PB 0x0000000089600000| Complete 
|  63|0x0000000089700000, 0x0000000089800000, 0x0000000089800000|100%| E|CS|TAMS 0x0000000089700000| PB 0x0000000089700000| Complete 
|  64|0x0000000089800000, 0x0000000089900000, 0x0000000089900000|100%| E|CS|TAMS 0x0000000089800000| PB 0x0000000089800000| Complete 
|  65|0x0000000089900000, 0x0000000089a00000, 0x0000000089a00000|100%| E|CS|TAMS 0x0000000089900000| PB 0x0000000089900000| Complete 
|  66|0x0000000089a00000, 0x0000000089b00000, 0x0000000089b00000|100%| E|CS|TAMS 0x0000000089a00000| PB 0x0000000089a00000| Complete 
|  67|0x0000000089b00000, 0x0000000089c00000, 0x0000000089c00000|100%| E|CS|TAMS 0x0000000089b00000| PB 0x0000000089b00000| Complete 
|  68|0x0000000089c00000, 0x0000000089d00000, 0x0000000089d00000|100%| E|CS|TAMS 0x0000000089c00000| PB 0x0000000089c00000| Complete 
|  69|0x0000000089d00000, 0x0000000089e00000, 0x0000000089e00000|100%| E|CS|TAMS 0x0000000089d00000| PB 0x0000000089d00000| Complete 
|  70|0x0000000089e00000, 0x0000000089f00000, 0x0000000089f00000|100%| E|CS|TAMS 0x0000000089e00000| PB 0x0000000089e00000| Complete 
| 113|0x000000008c900000, 0x000000008ca00000, 0x000000008ca00000|100%| E|CS|TAMS 0x000000008c900000| PB 0x000000008c900000| Complete 
| 114|0x000000008ca00000, 0x000000008cb00000, 0x000000008cb00000|100%| E|CS|TAMS 0x000000008ca00000| PB 0x000000008ca00000| Complete 
| 115|0x000000008cb00000, 0x000000008cc00000, 0x000000008cc00000|100%| E|CS|TAMS 0x000000008cb00000| PB 0x000000008cb00000| Complete 
| 123|0x000000008d300000, 0x000000008d400000, 0x000000008d400000|100%| E|CS|TAMS 0x000000008d300000| PB 0x000000008d300000| Complete 
|1959|0x00000000fff00000, 0x0000000100000000, 0x0000000100000000|100%| O|  |TAMS 0x00000000fff00000| PB 0x00000000fff00000| Untracked 

Card table byte_map: [0x00000228e66c0000,0x00000228e6aa0000] _byte_map_base: 0x00000228e6294000

Marking Bits: (CMBitMap*) 0x00000228d367cb50
 Bits: [0x00000228e6e80000, 0x00000228e8d20000)

Polling page: 0x00000228d2d80000

Metaspace:

Usage:
  Non-class:     65.20 MB used.
      Class:      9.20 MB used.
       Both:     74.40 MB used.

Virtual space:
  Non-class space:      128.00 MB reserved,      65.62 MB ( 51%) committed,  2 nodes.
      Class space:        1.00 GB reserved,       9.56 MB ( <1%) committed,  1 nodes.
             Both:        1.12 GB reserved,      75.19 MB (  7%) committed. 

Chunk freelists:
   Non-Class:  2.08 MB
       Class:  2.34 MB
        Both:  4.42 MB

MaxMetaspaceSize: unlimited
CompressedClassSpaceSize: 1.00 GB
Initial GC threshold: 21.00 MB
Current GC threshold: 98.25 MB
CDS: off
MetaspaceReclaimPolicy: balanced
 - commit_granule_bytes: 65536.
 - commit_granule_words: 8192.
 - virtual_space_node_default_size: 8388608.
 - enlarge_chunks_in_place: 1.
 - new_chunks_are_fully_committed: 0.
 - uncommit_free_chunks: 1.
 - use_allocation_guard: 0.


Internal statistics:

num_allocs_failed_limit: 9.
num_arena_births: 1074.
num_arena_deaths: 0.
num_vsnodes_births: 3.
num_vsnodes_deaths: 0.
num_space_committed: 1203.
num_space_uncommitted: 0.
num_chunks_returned_to_freelist: 9.
num_chunks_taken_from_freelist: 3483.
num_chunk_merges: 9.
num_chunk_splits: 2426.
num_chunks_enlarged: 1856.
num_inconsistent_stats: 0.

CodeHeap 'non-profiled nmethods': size=120000Kb used=4566Kb max_used=4566Kb free=115433Kb
 bounds [0x00000228dea70000, 0x00000228deef0000, 0x00000228e5fa0000]
CodeHeap 'profiled nmethods': size=120000Kb used=12387Kb max_used=12387Kb free=107612Kb
 bounds [0x00000228d6fa0000, 0x00000228d7bc0000, 0x00000228de4d0000]
CodeHeap 'non-nmethods': size=5760Kb used=1876Kb max_used=1908Kb free=3883Kb
 bounds [0x00000228de4d0000, 0x00000228de740000, 0x00000228dea70000]
 total_blobs=6839 nmethods=6141 adapters=607
 compilation: enabled
              stopped_count=0, restarted_count=0
 full_count=0

Compilation events (20 events):
Event: 13.159 Thread 0x00000228ef88d7e0 6591   !   3       java.util.zip.Inflater::needsDictionary (19 bytes)
Event: 13.160 Thread 0x00000228ef88d7e0 nmethod 6591 0x00000228d7bb4f10 code [0x00000228d7bb50a0, 0x00000228d7bb52a0]
Event: 13.167 Thread 0x00000228ef88d7e0 6592       1       java.util.zip.Inflater::hasPendingOutput (5 bytes)
Event: 13.168 Thread 0x00000228ef88d7e0 nmethod 6592 0x00000228deed3710 code [0x00000228deed3880, 0x00000228deed3950]
Event: 13.177 Thread 0x00000228f43474b0 nmethod 6565 0x00000228deed3a10 code [0x00000228deed3e60, 0x00000228deed6f68]
Event: 13.177 Thread 0x00000228f43474b0 6566       4       org.springframework.core.annotation.AnnotationsScanner::getBaseTypeMethods (123 bytes)
Event: 13.187 Thread 0x00000228ef88d7e0 6593       3       java.util.concurrent.ScheduledThreadPoolExecutor::canRunInCurrentRunState (61 bytes)
Event: 13.188 Thread 0x00000228ef88d7e0 nmethod 6593 0x00000228d7bb5390 code [0x00000228d7bb5580, 0x00000228d7bb5d68]
Event: 13.200 Thread 0x00000228ef897880 nmethod 6551 0x00000228deed9b10 code [0x00000228deeda0c0, 0x00000228deede8b8]
Event: 13.203 Thread 0x00000228ef897880 6564       4       org.springframework.core.ResolvableType::hasGenerics (14 bytes)
Event: 13.203 Thread 0x00000228ef88d7e0 6594   !   2       java.util.zip.InflaterInputStream::read (129 bytes)
Event: 13.204 Thread 0x00000228ef88d7e0 nmethod 6594 0x00000228d7bb5f90 code [0x00000228d7bb61e0, 0x00000228d7bb6a10]
Event: 13.291 Thread 0x00000228f43474b0 nmethod 6566 0x00000228deee1810 code [0x00000228deee1ba0, 0x00000228deee3e70]
Event: 13.292 Thread 0x00000228f43474b0 6570       4       org.springframework.core.ResolvableType::forType (112 bytes)
Event: 13.427 Thread 0x00000228ef88d7e0 6595       3       org.apache.kafka.common.protocol.types.ArrayOf::<init> (15 bytes)
Event: 13.428 Thread 0x00000228ef88d7e0 nmethod 6595 0x00000228d7bb6f90 code [0x00000228d7bb7120, 0x00000228d7bb73b0]
Event: 13.455 Thread 0x00000228ef88d7e0 6597       3       org.apache.kafka.common.protocol.types.TaggedFields::of (73 bytes)
Event: 13.456 Thread 0x00000228ef88d7e0 nmethod 6597 0x00000228d7bb7510 code [0x00000228d7bb7720, 0x00000228d7bb8068]
Event: 13.456 Thread 0x00000228ef88d7e0 6596       3       org.apache.kafka.common.protocol.types.Field$TaggedFieldsSection::of (12 bytes)
Event: 13.457 Thread 0x00000228ef88d7e0 nmethod 6596 0x00000228d7bb8410 code [0x00000228d7bb85c0, 0x00000228d7bb8770]

GC Heap History (20 events):
Event: 3.610 GC heap before
{Heap before GC invocations=5 (full 0):
 garbage-first heap   total 53248K, used 38119K [0x0000000085800000, 0x0000000100000000)
  region size 1024K, 24 young (24576K), 4 survivors (4096K)
 Metaspace       used 31641K, committed 32064K, reserved 1114112K
  class space    used 3572K, committed 3776K, reserved 1048576K
}
Event: 3.618 GC heap after
{Heap after GC invocations=6 (full 0):
 garbage-first heap   total 53248K, used 19599K [0x0000000085800000, 0x0000000100000000)
  region size 1024K, 2 young (2048K), 2 survivors (2048K)
 Metaspace       used 31641K, committed 32064K, reserved 1114112K
  class space    used 3572K, committed 3776K, reserved 1048576K
}
Event: 4.894 GC heap before
{Heap before GC invocations=6 (full 0):
 garbage-first heap   total 53248K, used 33935K [0x0000000085800000, 0x0000000100000000)
  region size 1024K, 17 young (17408K), 2 survivors (2048K)
 Metaspace       used 35595K, committed 35968K, reserved 1114112K
  class space    used 4102K, committed 4288K, reserved 1048576K
}
Event: 4.897 GC heap after
{Heap after GC invocations=7 (full 0):
 garbage-first heap   total 64512K, used 20436K [0x0000000085800000, 0x0000000100000000)
  region size 1024K, 3 young (3072K), 3 survivors (3072K)
 Metaspace       used 35595K, committed 35968K, reserved 1114112K
  class space    used 4102K, committed 4288K, reserved 1048576K
}
Event: 5.936 GC heap before
{Heap before GC invocations=8 (full 0):
 garbage-first heap   total 64512K, used 49108K [0x0000000085800000, 0x0000000100000000)
  region size 1024K, 31 young (31744K), 3 survivors (3072K)
 Metaspace       used 39412K, committed 39872K, reserved 1114112K
  class space    used 4578K, committed 4800K, reserved 1048576K
}
Event: 5.943 GC heap after
{Heap after GC invocations=9 (full 0):
 garbage-first heap   total 64512K, used 23053K [0x0000000085800000, 0x0000000100000000)
  region size 1024K, 4 young (4096K), 4 survivors (4096K)
 Metaspace       used 39412K, committed 39872K, reserved 1114112K
  class space    used 4578K, committed 4800K, reserved 1048576K
}
Event: 7.133 GC heap before
{Heap before GC invocations=9 (full 0):
 garbage-first heap   total 64512K, used 49677K [0x0000000085800000, 0x0000000100000000)
  region size 1024K, 31 young (31744K), 4 survivors (4096K)
 Metaspace       used 43043K, committed 43520K, reserved 1114112K
  class space    used 5106K, committed 5312K, reserved 1048576K
}
Event: 7.147 GC heap after
{Heap after GC invocations=10 (full 0):
 garbage-first heap   total 64512K, used 25626K [0x0000000085800000, 0x0000000100000000)
  region size 1024K, 3 young (3072K), 3 survivors (3072K)
 Metaspace       used 43043K, committed 43520K, reserved 1114112K
  class space    used 5106K, committed 5312K, reserved 1048576K
}
Event: 8.167 GC heap before
{Heap before GC invocations=10 (full 0):
 garbage-first heap   total 64512K, used 52250K [0x0000000085800000, 0x0000000100000000)
  region size 1024K, 29 young (29696K), 3 survivors (3072K)
 Metaspace       used 46734K, committed 47168K, reserved 1114112K
  class space    used 5632K, committed 5824K, reserved 1048576K
}
Event: 8.174 GC heap after
{Heap after GC invocations=11 (full 0):
 garbage-first heap   total 64512K, used 27648K [0x0000000085800000, 0x0000000100000000)
  region size 1024K, 4 young (4096K), 4 survivors (4096K)
 Metaspace       used 46734K, committed 47168K, reserved 1114112K
  class space    used 5632K, committed 5824K, reserved 1048576K
}
Event: 9.434 GC heap before
{Heap before GC invocations=11 (full 0):
 garbage-first heap   total 64512K, used 53248K [0x0000000085800000, 0x0000000100000000)
  region size 1024K, 30 young (30720K), 4 survivors (4096K)
 Metaspace       used 51967K, committed 52480K, reserved 1114112K
  class space    used 6418K, committed 6656K, reserved 1048576K
}
Event: 9.447 GC heap after
{Heap after GC invocations=12 (full 0):
 garbage-first heap   total 64512K, used 30239K [0x0000000085800000, 0x0000000100000000)
  region size 1024K, 3 young (3072K), 3 survivors (3072K)
 Metaspace       used 51967K, committed 52480K, reserved 1114112K
  class space    used 6418K, committed 6656K, reserved 1048576K
}
Event: 10.228 GC heap before
{Heap before GC invocations=12 (full 0):
 garbage-first heap   total 64512K, used 54815K [0x0000000085800000, 0x0000000100000000)
  region size 1024K, 27 young (27648K), 3 survivors (3072K)
 Metaspace       used 57093K, committed 57664K, reserved 1114112K
  class space    used 7112K, committed 7360K, reserved 1048576K
}
Event: 10.238 GC heap after
{Heap after GC invocations=13 (full 0):
 garbage-first heap   total 64512K, used 32933K [0x0000000085800000, 0x0000000100000000)
  region size 1024K, 3 young (3072K), 3 survivors (3072K)
 Metaspace       used 57093K, committed 57664K, reserved 1114112K
  class space    used 7112K, committed 7360K, reserved 1048576K
}
Event: 10.651 GC heap before
{Heap before GC invocations=13 (full 0):
 garbage-first heap   total 64512K, used 45221K [0x0000000085800000, 0x0000000100000000)
  region size 1024K, 16 young (16384K), 3 survivors (3072K)
 Metaspace       used 59660K, committed 60160K, reserved 1114112K
  class space    used 7458K, committed 7680K, reserved 1048576K
}
Event: 10.659 GC heap after
{Heap after GC invocations=14 (full 0):
 garbage-first heap   total 77824K, used 34533K [0x0000000085800000, 0x0000000100000000)
  region size 1024K, 2 young (2048K), 2 survivors (2048K)
 Metaspace       used 59660K, committed 60160K, reserved 1114112K
  class space    used 7458K, committed 7680K, reserved 1048576K
}
Event: 12.066 GC heap before
{Heap before GC invocations=15 (full 0):
 garbage-first heap   total 77824K, used 66277K [0x0000000085800000, 0x0000000100000000)
  region size 1024K, 34 young (34816K), 2 survivors (2048K)
 Metaspace       used 64973K, committed 65728K, reserved 1114112K
  class space    used 8240K, committed 8576K, reserved 1048576K
}
Event: 12.076 GC heap after
{Heap after GC invocations=16 (full 0):
 garbage-first heap   total 77824K, used 39153K [0x0000000085800000, 0x0000000100000000)
  region size 1024K, 5 young (5120K), 5 survivors (5120K)
 Metaspace       used 64973K, committed 65728K, reserved 1114112K
  class space    used 8240K, committed 8576K, reserved 1048576K
}
Event: 12.693 GC heap before
{Heap before GC invocations=16 (full 0):
 garbage-first heap   total 77824K, used 66801K [0x0000000085800000, 0x0000000100000000)
  region size 1024K, 32 young (32768K), 5 survivors (5120K)
 Metaspace       used 70742K, committed 71616K, reserved 1114112K
  class space    used 8946K, committed 9344K, reserved 1048576K
}
Event: 12.708 GC heap after
{Heap after GC invocations=17 (full 0):
 garbage-first heap   total 77824K, used 41426K [0x0000000085800000, 0x0000000100000000)
  region size 1024K, 4 young (4096K), 4 survivors (4096K)
 Metaspace       used 70742K, committed 71616K, reserved 1114112K
  class space    used 8946K, committed 9344K, reserved 1048576K
}

Dll operation events (11 events):
Event: 0.011 Loaded shared library C:\Users\Zulkar Naine Alam\.p2\pool\plugins\org.eclipse.justj.openjdk.hotspot.jre.full.win32.x86_64_20.0.1.v20230425-1611\jre\bin\java.dll
Event: 0.061 Loaded shared library C:\Users\Zulkar Naine Alam\.p2\pool\plugins\org.eclipse.justj.openjdk.hotspot.jre.full.win32.x86_64_20.0.1.v20230425-1611\jre\bin\zip.dll
Event: 0.236 Loaded shared library C:\Users\Zulkar Naine Alam\.p2\pool\plugins\org.eclipse.justj.openjdk.hotspot.jre.full.win32.x86_64_20.0.1.v20230425-1611\jre\bin\net.dll
Event: 0.239 Loaded shared library C:\Users\Zulkar Naine Alam\.p2\pool\plugins\org.eclipse.justj.openjdk.hotspot.jre.full.win32.x86_64_20.0.1.v20230425-1611\jre\bin\nio.dll
Event: 0.247 Loaded shared library C:\Users\Zulkar Naine Alam\.p2\pool\plugins\org.eclipse.justj.openjdk.hotspot.jre.full.win32.x86_64_20.0.1.v20230425-1611\jre\bin\zip.dll
Event: 0.408 Loaded shared library C:\Users\Zulkar Naine Alam\.p2\pool\plugins\org.eclipse.justj.openjdk.hotspot.jre.full.win32.x86_64_20.0.1.v20230425-1611\jre\bin\management.dll
Event: 0.415 Loaded shared library C:\Users\Zulkar Naine Alam\.p2\pool\plugins\org.eclipse.justj.openjdk.hotspot.jre.full.win32.x86_64_20.0.1.v20230425-1611\jre\bin\management_ext.dll
Event: 0.468 Loaded shared library C:\Users\Zulkar Naine Alam\.p2\pool\plugins\org.eclipse.justj.openjdk.hotspot.jre.full.win32.x86_64_20.0.1.v20230425-1611\jre\bin\jimage.dll
Event: 3.782 Loaded shared library C:\Users\Zulkar Naine Alam\.p2\pool\plugins\org.eclipse.justj.openjdk.hotspot.jre.full.win32.x86_64_20.0.1.v20230425-1611\jre\bin\extnet.dll
Event: 4.938 Loaded shared library C:\Users\Zulkar Naine Alam\.p2\pool\plugins\org.eclipse.justj.openjdk.hotspot.jre.full.win32.x86_64_20.0.1.v20230425-1611\jre\bin\sunmscapi.dll
Event: 12.251 Loaded shared library C:\Users\Zulkar Naine Alam\.p2\pool\plugins\org.eclipse.justj.openjdk.hotspot.jre.full.win32.x86_64_20.0.1.v20230425-1611\jre\bin\verify.dll

Deoptimization events (20 events):
Event: 13.048 Thread 0x00000228d36209c0 Uncommon trap: trap_request=0xffffffc6 fr.pc=0x00000228deb5c708 relative=0x00000000000010a8
Event: 13.048 Thread 0x00000228d36209c0 Uncommon trap: reason=bimorphic_or_optimized_type_check action=maybe_recompile pc=0x00000228deb5c708 method=org.springframework.core.annotation.AnnotationsScanner.processMethodInheritedAnnotations(Ljava/lang/Object;Ljava/lang/reflect/Method;Lorg/springfra
Event: 13.048 Thread 0x00000228d36209c0 DEOPT PACKING pc=0x00000228deb5c708 sp=0x00000095db1fcf80
Event: 13.048 Thread 0x00000228d36209c0 DEOPT UNPACKING pc=0x00000228de4ed2a2 sp=0x00000095db1fce18 mode 2
Event: 13.051 Thread 0x00000228d36209c0 Uncommon trap: trap_request=0xffffff45 fr.pc=0x00000228dee47ab0 relative=0x0000000000000190
Event: 13.051 Thread 0x00000228d36209c0 Uncommon trap: reason=unstable_if action=reinterpret pc=0x00000228dee47ab0 method=org.springframework.beans.factory.support.AbstractBeanDefinition.isSingleton()Z @ 22 c2
Event: 13.051 Thread 0x00000228d36209c0 DEOPT PACKING pc=0x00000228dee47ab0 sp=0x00000095db1fd260
Event: 13.051 Thread 0x00000228d36209c0 DEOPT UNPACKING pc=0x00000228de4ed2a2 sp=0x00000095db1fd1f0 mode 2
Event: 13.123 Thread 0x00000228d36209c0 Uncommon trap: trap_request=0xffffff45 fr.pc=0x00000228dee62c28 relative=0x0000000000000c48
Event: 13.123 Thread 0x00000228d36209c0 Uncommon trap: reason=unstable_if action=reinterpret pc=0x00000228dee62c28 method=java.lang.invoke.MemberName.isResolved()Z @ 4 c2
Event: 13.123 Thread 0x00000228d36209c0 DEOPT PACKING pc=0x00000228dee62c28 sp=0x00000095db1f93e0
Event: 13.123 Thread 0x00000228d36209c0 DEOPT UNPACKING pc=0x00000228de4ed2a2 sp=0x00000095db1f9340 mode 2
Event: 13.149 Thread 0x00000228d36209c0 Uncommon trap: trap_request=0xffffffde fr.pc=0x00000228deb7783c relative=0x000000000000173c
Event: 13.149 Thread 0x00000228d36209c0 Uncommon trap: reason=class_check action=maybe_recompile pc=0x00000228deb7783c method=java.util.zip.InflaterInputStream.read([BII)I @ 78 c2
Event: 13.149 Thread 0x00000228d36209c0 DEOPT PACKING pc=0x00000228deb7783c sp=0x00000095db1f9e30
Event: 13.149 Thread 0x00000228d36209c0 DEOPT UNPACKING pc=0x00000228de4ed2a2 sp=0x00000095db1f9ea0 mode 2
Event: 13.149 Thread 0x00000228d36209c0 Uncommon trap: trap_request=0xffffffde fr.pc=0x00000228deb7783c relative=0x000000000000173c
Event: 13.149 Thread 0x00000228d36209c0 Uncommon trap: reason=class_check action=maybe_recompile pc=0x00000228deb7783c method=java.util.zip.InflaterInputStream.read([BII)I @ 78 c2
Event: 13.149 Thread 0x00000228d36209c0 DEOPT PACKING pc=0x00000228deb7783c sp=0x00000095db1f9e30
Event: 13.149 Thread 0x00000228d36209c0 DEOPT UNPACKING pc=0x00000228de4ed2a2 sp=0x00000095db1f9ea0 mode 2

Classes loaded (20 events):
Event: 13.102 Loading class java/lang/instrument/Instrumentation
Event: 13.102 Loading class java/lang/instrument/Instrumentation done
Event: 13.111 Loading class java/lang/Process
Event: 13.111 Loading class java/lang/Process done
Event: 13.126 Loading class java/lang/ProcessHandle$Info
Event: 13.127 Loading class java/lang/ProcessHandle$Info done
Event: 13.147 Loading class java/util/jar/JarInputStream
Event: 13.147 Loading class java/util/zip/ZipInputStream
Event: 13.148 Loading class java/util/zip/ZipInputStream done
Event: 13.148 Loading class java/util/jar/JarInputStream done
Event: 13.152 Loading class java/lang/ProcessBuilder
Event: 13.153 Loading class java/lang/ProcessBuilder done
Event: 13.153 Loading class java/lang/ProcessImpl
Event: 13.154 Loading class java/lang/ProcessImpl done
Event: 13.165 Loading class java/lang/ProcessImpl$2
Event: 13.165 Loading class java/lang/ProcessImpl$2 done
Event: 13.166 Loading class java/lang/Process$PipeInputStream
Event: 13.166 Loading class java/lang/Process$PipeInputStream done
Event: 13.166 Loading class jdk/internal/event/ProcessStartEvent
Event: 13.166 Loading class jdk/internal/event/ProcessStartEvent done

Classes unloaded (0 events):
No events

Classes redefined (0 events):
No events

Internal exceptions (20 events):
Event: 11.861 Thread 0x00000228d36209c0 Exception <a 'java/lang/NoSuchMethodError'{0x0000000088b2bc80}: 'long java.lang.invoke.DirectMethodHandle$Holder.invokeStatic(java.lang.Object, java.lang.Object, int)'> (0x0000000088b2bc80) 
thrown [s\src\hotspot\share\interpreter\linkResolver.cpp, line 773]
Event: 11.862 Thread 0x00000228d36209c0 Exception <a 'java/lang/NoSuchMethodError'{0x0000000088b36298}: 'void java.lang.invoke.DelegatingMethodHandle$Holder.reinvoke_L(java.lang.Object, java.lang.Object, long)'> (0x0000000088b36298) 
thrown [s\src\hotspot\share\interpreter\linkResolver.cpp, line 773]
Event: 11.863 Thread 0x00000228d36209c0 Exception <a 'java/lang/NoSuchMethodError'{0x0000000088b503e8}: 'float java.lang.invoke.DirectMethodHandle$Holder.invokeVirtual(java.lang.Object, java.lang.Object)'> (0x0000000088b503e8) 
thrown [s\src\hotspot\share\interpreter\linkResolver.cpp, line 773]
Event: 11.865 Thread 0x00000228d36209c0 Exception <a 'java/lang/NoSuchMethodError'{0x0000000088b57a50}: 'float java.lang.invoke.DelegatingMethodHandle$Holder.reinvoke_L(java.lang.Object, java.lang.Object)'> (0x0000000088b57a50) 
thrown [s\src\hotspot\share\interpreter\linkResolver.cpp, line 773]
Event: 11.866 Thread 0x00000228d36209c0 Exception <a 'java/lang/NoSuchMethodError'{0x0000000088b696a8}: 'float java.lang.invoke.DelegatingMethodHandle$Holder.reinvoke_L(java.lang.Object, java.lang.Object, int)'> (0x0000000088b696a8) 
thrown [s\src\hotspot\share\interpreter\linkResolver.cpp, line 773]
Event: 11.866 Thread 0x00000228d36209c0 Exception <a 'java/lang/NoSuchMethodError'{0x0000000088b73a98}: 'void java.lang.invoke.DelegatingMethodHandle$Holder.reinvoke_L(java.lang.Object, java.lang.Object, float)'> (0x0000000088b73a98) 
thrown [s\src\hotspot\share\interpreter\linkResolver.cpp, line 773]
Event: 11.901 Thread 0x00000228d36209c0 Exception <a 'java/lang/NoSuchMethodError'{0x0000000088ad5bb8}: 'java.lang.Object java.lang.invoke.DirectMethodHandle$Holder.newInvokeSpecial(java.lang.Object, java.lang.Object, int, java.lang.Object, java.lang.Object)'> (0x0000000088ad5bb8) 
thrown [s\src\hotspot\share\interpreter\linkResolver.cpp, line 773]
Event: 11.902 Thread 0x00000228d36209c0 Exception <a 'java/lang/NoSuchMethodError'{0x0000000088ae4878}: 'java.lang.Object java.lang.invoke.DirectMethodHandle$Holder.newInvokeSpecial(java.lang.Object, java.lang.Object, java.lang.Object, int)'> (0x0000000088ae4878) 
thrown [s\src\hotspot\share\interpreter\linkResolver.cpp, line 773]
Event: 11.902 Thread 0x00000228d36209c0 Exception <a 'java/lang/NoSuchMethodError'{0x0000000088ae8b80}: 'java.lang.Object java.lang.invoke.DirectMethodHandle$Holder.invokeSpecial(java.lang.Object, java.lang.Object, java.lang.Object, java.lang.Object, int)'> (0x0000000088ae8b80) 
thrown [s\src\hotspot\share\interpreter\linkResolver.cpp, line 773]
Event: 11.902 Thread 0x00000228d36209c0 Exception <a 'java/lang/NoSuchMethodError'{0x0000000088aec568}: 'java.lang.Object java.lang.invoke.Invokers$Holder.linkToTargetMethod(java.lang.Object, java.lang.Object, int, java.lang.Object)'> (0x0000000088aec568) 
thrown [s\src\hotspot\share\interpreter\linkResolver.cpp, line 773]
Event: 11.926 Thread 0x00000228d36209c0 Exception <a 'java/lang/NoSuchMethodError'{0x00000000889a1d40}: 'java.lang.Object java.lang.invoke.DirectMethodHandle$Holder.invokeVirtual(java.lang.Object, java.lang.Object, java.lang.Object, java.lang.Object, java.lang.Object, java.lang.Object, java.lang.Object)'> (0x00000000889a1d40) 
thrown [s\src\hotspot\share\interpreter\linkResolver.cpp, line 773]
Event: 12.006 Thread 0x00000228d36209c0 Exception <a 'sun/nio/fs/WindowsException'{0x0000000088467778}> (0x0000000088467778) 
thrown [s\src\hotspot\share\prims\jni.cpp, line 519]
Event: 12.383 Thread 0x00000228d36209c0 Exception <a 'java/lang/NoSuchMethodError'{0x0000000089454618}: 'java.lang.Object java.lang.invoke.DirectMethodHandle$Holder.invokeStatic(java.lang.Object, int, int)'> (0x0000000089454618) 
thrown [s\src\hotspot\share\interpreter\linkResolver.cpp, line 773]
Event: 12.399 Thread 0x00000228d36209c0 Exception <a 'java/lang/NoSuchMethodError'{0x00000000894e06e8}: 'java.lang.Object java.lang.invoke.DelegatingMethodHandle$Holder.reinvoke_L(java.lang.Object, int, int, long, java.lang.Object, long, long, long)'> (0x00000000894e06e8) 
thrown [s\src\hotspot\share\interpreter\linkResolver.cpp, line 773]
Event: 12.400 Thread 0x00000228d36209c0 Exception <a 'java/lang/NoSuchMethodError'{0x0000000089304c78}: 'java.lang.Object java.lang.invoke.DelegatingMethodHandle$Holder.reinvoke_L(java.lang.Object, java.lang.Object, java.lang.Object, java.lang.Object, java.lang.Object, java.lang.Object, java.lang.Object, java.lang.Object, java.lang.Object, java.lang.Object, java.lang.Object, java.lang.Object, java.lang.Object, java.lang.Object, int, java.lang.Object, java.lang.Object, java.lang.Object, java.lang.Object, java.lang.Object, java.lang.Object, java.l
Event: 12.404 Thread 0x00000228d36209c0 Exception <a 'java/lang/NoSuchMethodError'{0x0000000089355790}: 'java.lang.Object java.lang.invoke.DirectMethodHandle$Holder.invokeStatic(java.lang.Object, java.lang.Object, java.lang.Object, java.lang.Object, java.lang.Object, java.lang.Object, java.lang.Object, java.lang.Object, java.lang.Object, java.lang.Object, java.lang.Object, java.lang.Object, java.lang.Object)'> (0x0000000089355790) 
thrown [s\src\hotspot\share\interpreter\linkResolver.cpp, line 773]
Event: 12.405 Thread 0x00000228d36209c0 Exception <a 'java/lang/NoSuchMethodError'{0x0000000089375c88}: 'java.lang.Object java.lang.invoke.DirectMethodHandle$Holder.invokeStatic(java.lang.Object, java.lang.Object, java.lang.Object, java.lang.Object, java.lang.Object, java.lang.Object, java.lang.Object, java.lang.Object, java.lang.Object, java.lang.Object, java.lang.Object, java.lang.Object, java.lang.Object, java.lang.Object)'> (0x0000000089375c88) 
thrown [s\src\hotspot\share\interpreter\linkResolver.cpp, line 773]
Event: 12.406 Thread 0x00000228d36209c0 Exception <a 'java/lang/NoSuchMethodError'{0x000000008938c8c0}: 'java.lang.Object java.lang.invoke.DelegatingMethodHandle$Holder.reinvoke_L(java.lang.Object, java.lang.Object, java.lang.Object, java.lang.Object, java.lang.Object, java.lang.Object, java.lang.Object, java.lang.Object, java.lang.Object, java.lang.Object, java.lang.Object, java.lang.Object, java.lang.Object, java.lang.Object, java.lang.Object, java.lang.Object, java.lang.Object, java.lang.Object, java.lang.Object, java.lang.Object, java.lang.O
Event: 12.607 Thread 0x00000228d36209c0 Exception <a 'java/lang/IncompatibleClassChangeError'{0x0000000088a2c3a0}: Found class java.lang.Object, but interface was expected> (0x0000000088a2c3a0) 
thrown [s\src\hotspot\share\interpreter\linkResolver.cpp, line 840]
Event: 13.123 Thread 0x00000228d36209c0 Exception <a 'java/lang/NoSuchMethodError'{0x00000000897d9ac8}: method resolution failed> (0x00000000897d9ac8) 
thrown [s\src\hotspot\share\prims\methodHandles.cpp, line 1260]

VM Operations (20 events):
Event: 11.905 Executing VM operation: Cleanup
Event: 11.905 Executing VM operation: Cleanup done
Event: 12.008 Executing VM operation: HandshakeAllThreads
Event: 12.008 Executing VM operation: HandshakeAllThreads done
Event: 12.056 Executing VM operation: HandshakeAllThreads
Event: 12.057 Executing VM operation: HandshakeAllThreads done
Event: 12.066 Executing VM operation: G1CollectForAllocation
Event: 12.076 Executing VM operation: G1CollectForAllocation done
Event: 12.515 Executing VM operation: HandshakeAllThreads
Event: 12.515 Executing VM operation: HandshakeAllThreads done
Event: 12.586 Executing VM operation: ICBufferFull
Event: 12.586 Executing VM operation: ICBufferFull done
Event: 12.693 Executing VM operation: G1CollectForAllocation
Event: 12.708 Executing VM operation: G1CollectForAllocation done
Event: 12.878 Executing VM operation: HandshakeAllThreads
Event: 12.878 Executing VM operation: HandshakeAllThreads done
Event: 12.963 Executing VM operation: HandshakeAllThreads
Event: 12.963 Executing VM operation: HandshakeAllThreads done
Event: 13.973 Executing VM operation: Cleanup
Event: 13.973 Executing VM operation: Cleanup done

Events (20 events):
Event: 10.697 Thread 0x00000228eb79ec50 flushing nmethod 0x00000228deac3390
Event: 10.697 Thread 0x00000228eb79ec50 flushing nmethod 0x00000228deabf210
Event: 10.697 Thread 0x00000228eb79ec50 flushing nmethod 0x00000228deabb090
Event: 10.697 Thread 0x00000228eb79ec50 flushing nmethod 0x00000228deaa8c90
Event: 10.697 Thread 0x00000228eb79ec50 flushing nmethod 0x00000228dea99890
Event: 10.697 Thread 0x00000228eb79ec50 flushing nmethod 0x00000228dea97f10
Event: 11.507 Thread 0x00000228f304d020 Thread exited: 0x00000228f304d020
Event: 11.507 Thread 0x00000228f0a60220 Thread exited: 0x00000228f0a60220
Event: 11.515 Thread 0x00000228f43474b0 Thread added: 0x00000228f43474b0
Event: 11.721 Thread 0x00000228f43474b0 Thread exited: 0x00000228f43474b0
Event: 11.831 Thread 0x00000228f43474b0 Thread added: 0x00000228f43474b0
Event: 11.955 Thread 0x00000228f43cfca0 Thread added: 0x00000228f43cfca0
Event: 11.982 Thread 0x00000228f43cf200 Thread added: 0x00000228f43cf200
Event: 12.089 Thread 0x00000228f4347fd0 Thread added: 0x00000228f4347fd0
Event: 12.423 Thread 0x00000228f43cecb0 Thread added: 0x00000228f43cecb0
Event: 12.424 Thread 0x00000228f43cf750 Thread added: 0x00000228f43cf750
Event: 12.426 Thread 0x00000228f43d01f0 Thread added: 0x00000228f43d01f0
Event: 12.953 Thread 0x00000228f4347fd0 Thread exited: 0x00000228f4347fd0
Event: 12.968 Thread 0x00000228f43d0740 Thread added: 0x00000228f43d0740
Event: 12.971 Thread 0x00000228f43cd220 Thread added: 0x00000228f43cd220


Dynamic libraries:
0x00007ff709100000 - 0x00007ff70910e000 	C:\Users\Zulkar Naine Alam\.p2\pool\plugins\org.eclipse.justj.openjdk.hotspot.jre.full.win32.x86_64_20.0.1.v20230425-1611\jre\bin\java.exe
0x00007ff8d9480000 - 0x00007ff8d96e8000 	C:\WINDOWS\SYSTEM32\ntdll.dll
0x00007ff8d8330000 - 0x00007ff8d83f9000 	C:\WINDOWS\System32\KERNEL32.DLL
0x00007ff8d68f0000 - 0x00007ff8d6ce2000 	C:\WINDOWS\System32\KERNELBASE.dll
0x00007ff8d7100000 - 0x00007ff8d724b000 	C:\WINDOWS\System32\ucrtbase.dll
0x00007ff8ad880000 - 0x00007ff8ad897000 	C:\Users\Zulkar Naine Alam\.p2\pool\plugins\org.eclipse.justj.openjdk.hotspot.jre.full.win32.x86_64_20.0.1.v20230425-1611\jre\bin\jli.dll
0x00007ff8b9eb0000 - 0x00007ff8b9ecb000 	C:\Users\Zulkar Naine Alam\.p2\pool\plugins\org.eclipse.justj.openjdk.hotspot.jre.full.win32.x86_64_20.0.1.v20230425-1611\jre\bin\VCRUNTIME140.dll
0x00007ff8d8150000 - 0x00007ff8d8315000 	C:\WINDOWS\System32\USER32.dll
0x00007ff8a0a70000 - 0x00007ff8a0d03000 	C:\WINDOWS\WinSxS\amd64_microsoft.windows.common-controls_6595b64144ccf1df_6.0.26100.6899_none_3e0efeeae32e88c1\COMCTL32.dll
0x00007ff8d70d0000 - 0x00007ff8d70f7000 	C:\WINDOWS\System32\win32u.dll
0x00007ff8d80a0000 - 0x00007ff8d8149000 	C:\WINDOWS\System32\msvcrt.dll
0x00007ff8d8780000 - 0x00007ff8d87ab000 	C:\WINDOWS\System32\GDI32.dll
0x00007ff8d6cf0000 - 0x00007ff8d6e1d000 	C:\WINDOWS\System32\gdi32full.dll
0x00007ff8d6f90000 - 0x00007ff8d7033000 	C:\WINDOWS\System32\msvcp_win.dll
0x00007ff8d8060000 - 0x00007ff8d808f000 	C:\WINDOWS\System32\IMM32.DLL
0x00007ff8b9e40000 - 0x00007ff8b9e4c000 	C:\Users\Zulkar Naine Alam\.p2\pool\plugins\org.eclipse.justj.openjdk.hotspot.jre.full.win32.x86_64_20.0.1.v20230425-1611\jre\bin\vcruntime140_1.dll
0x00007ff87cc30000 - 0x00007ff87ccbd000 	C:\Users\Zulkar Naine Alam\.p2\pool\plugins\org.eclipse.justj.openjdk.hotspot.jre.full.win32.x86_64_20.0.1.v20230425-1611\jre\bin\msvcp140.dll
0x00007ff832020000 - 0x00007ff832d2e000 	C:\Users\Zulkar Naine Alam\.p2\pool\plugins\org.eclipse.justj.openjdk.hotspot.jre.full.win32.x86_64_20.0.1.v20230425-1611\jre\bin\server\jvm.dll
0x00007ff8d7fa0000 - 0x00007ff8d8054000 	C:\WINDOWS\System32\ADVAPI32.dll
0x00007ff8d7e50000 - 0x00007ff8d7ef6000 	C:\WINDOWS\System32\sechost.dll
0x00007ff8d7350000 - 0x00007ff8d7468000 	C:\WINDOWS\System32\RPCRT4.dll
0x00007ff8b3d30000 - 0x00007ff8b3d3a000 	C:\WINDOWS\SYSTEM32\WSOCK32.dll
0x00007ff8ce2b0000 - 0x00007ff8ce2e5000 	C:\WINDOWS\SYSTEM32\WINMM.dll
0x00007ff8d4fe0000 - 0x00007ff8d4feb000 	C:\WINDOWS\SYSTEM32\VERSION.dll
0x00007ff8d7f00000 - 0x00007ff8d7f74000 	C:\WINDOWS\System32\WS2_32.dll
0x00007ff8d53e0000 - 0x00007ff8d53fb000 	C:\WINDOWS\SYSTEM32\kernel.appcore.dll
0x00007ff8c8060000 - 0x00007ff8c806a000 	C:\Users\Zulkar Naine Alam\.p2\pool\plugins\org.eclipse.justj.openjdk.hotspot.jre.full.win32.x86_64_20.0.1.v20230425-1611\jre\bin\jimage.dll
0x00007ff8d3b10000 - 0x00007ff8d3d52000 	C:\WINDOWS\SYSTEM32\DBGHELP.DLL
0x00007ff8d74e0000 - 0x00007ff8d785b000 	C:\WINDOWS\System32\combase.dll
0x00007ff8d7c30000 - 0x00007ff8d7d07000 	C:\WINDOWS\System32\OLEAUT32.dll
0x00007ff8b74c0000 - 0x00007ff8b74fc000 	C:\WINDOWS\SYSTEM32\dbgcore.DLL
0x00007ff8d6850000 - 0x00007ff8d68e8000 	C:\WINDOWS\System32\bcryptPrimitives.dll
0x00007ff894fd0000 - 0x00007ff894ff6000 	C:\Users\Zulkar Naine Alam\.p2\pool\plugins\org.eclipse.justj.openjdk.hotspot.jre.full.win32.x86_64_20.0.1.v20230425-1611\jre\bin\java.dll
0x00007ff895030000 - 0x00007ff895048000 	C:\Users\Zulkar Naine Alam\.p2\pool\plugins\org.eclipse.justj.openjdk.hotspot.jre.full.win32.x86_64_20.0.1.v20230425-1611\jre\bin\zip.dll
0x00007ff8d8cf0000 - 0x00007ff8d943d000 	C:\WINDOWS\System32\SHELL32.dll
0x00007ff8d6e20000 - 0x00007ff8d6f8b000 	C:\WINDOWS\System32\wintypes.dll
0x00007ff8d4080000 - 0x00007ff8d48dd000 	C:\WINDOWS\SYSTEM32\windows.storage.dll
0x00007ff8d8630000 - 0x00007ff8d8722000 	C:\WINDOWS\System32\SHCORE.dll
0x00007ff8d7470000 - 0x00007ff8d74d2000 	C:\WINDOWS\System32\shlwapi.dll
0x00007ff8d6530000 - 0x00007ff8d6559000 	C:\WINDOWS\SYSTEM32\profapi.dll
0x00007ff892c10000 - 0x00007ff892c23000 	C:\Users\Zulkar Naine Alam\.p2\pool\plugins\org.eclipse.justj.openjdk.hotspot.jre.full.win32.x86_64_20.0.1.v20230425-1611\jre\bin\net.dll
0x00007ff8c9c40000 - 0x00007ff8c9d5f000 	C:\WINDOWS\SYSTEM32\WINHTTP.dll
0x00007ff8d5950000 - 0x00007ff8d59bb000 	C:\WINDOWS\system32\mswsock.dll
0x00007ff892100000 - 0x00007ff892116000 	C:\Users\Zulkar Naine Alam\.p2\pool\plugins\org.eclipse.justj.openjdk.hotspot.jre.full.win32.x86_64_20.0.1.v20230425-1611\jre\bin\nio.dll
0x00007ff893160000 - 0x00007ff893169000 	C:\Users\Zulkar Naine Alam\.p2\pool\plugins\org.eclipse.justj.openjdk.hotspot.jre.full.win32.x86_64_20.0.1.v20230425-1611\jre\bin\management.dll
0x00007ff892cd0000 - 0x00007ff892cdb000 	C:\Users\Zulkar Naine Alam\.p2\pool\plugins\org.eclipse.justj.openjdk.hotspot.jre.full.win32.x86_64_20.0.1.v20230425-1611\jre\bin\management_ext.dll
0x00007ff8d7f90000 - 0x00007ff8d7f98000 	C:\WINDOWS\System32\PSAPI.DLL
0x00007ff8d4cd0000 - 0x00007ff8d4df6000 	C:\WINDOWS\SYSTEM32\DNSAPI.dll
0x00007ff8d4c30000 - 0x00007ff8d4c64000 	C:\WINDOWS\SYSTEM32\IPHLPAPI.DLL
0x00007ff8d7f80000 - 0x00007ff8d7f8a000 	C:\WINDOWS\System32\NSI.dll
0x00007ff8c8d30000 - 0x00007ff8c8d3b000 	C:\Windows\System32\rasadhlp.dll
0x00007ff8d0b10000 - 0x00007ff8d0b96000 	C:\WINDOWS\System32\fwpuclnt.dll
0x00007ff8add10000 - 0x00007ff8add17000 	C:\Users\Zulkar Naine Alam\.p2\pool\plugins\org.eclipse.justj.openjdk.hotspot.jre.full.win32.x86_64_20.0.1.v20230425-1611\jre\bin\extnet.dll
0x00007ff8d0770000 - 0x00007ff8d078e000 	C:\WINDOWS\SYSTEM32\dhcpcsvc6.DLL
0x00007ff8d0400000 - 0x00007ff8d0423000 	C:\WINDOWS\SYSTEM32\dhcpcsvc.DLL
0x00007ff8b9ea0000 - 0x00007ff8b9eae000 	C:\Users\Zulkar Naine Alam\.p2\pool\plugins\org.eclipse.justj.openjdk.hotspot.jre.full.win32.x86_64_20.0.1.v20230425-1611\jre\bin\sunmscapi.dll
0x00007ff8d66d0000 - 0x00007ff8d6847000 	C:\WINDOWS\System32\CRYPT32.dll
0x00007ff8d5e20000 - 0x00007ff8d5e50000 	C:\WINDOWS\SYSTEM32\ncrypt.dll
0x00007ff8d5dd0000 - 0x00007ff8d5e0f000 	C:\WINDOWS\SYSTEM32\NTASN1.dll
0x00007ff8d5c10000 - 0x00007ff8d5c2b000 	C:\WINDOWS\SYSTEM32\CRYPTSP.dll
0x00007ff8d5340000 - 0x00007ff8d537b000 	C:\WINDOWS\system32\rsaenh.dll
0x00007ff8d59f0000 - 0x00007ff8d5a1b000 	C:\WINDOWS\SYSTEM32\USERENV.dll
0x00007ff8d6500000 - 0x00007ff8d6526000 	C:\WINDOWS\SYSTEM32\bcrypt.dll
0x00007ff8d5c00000 - 0x00007ff8d5c0c000 	C:\WINDOWS\SYSTEM32\CRYPTBASE.dll
0x00007ff8bdc60000 - 0x00007ff8bdc70000 	C:\Users\Zulkar Naine Alam\.p2\pool\plugins\org.eclipse.justj.openjdk.hotspot.jre.full.win32.x86_64_20.0.1.v20230425-1611\jre\bin\verify.dll
0x00007ff83de70000 - 0x00007ff83de78000 	C:\WINDOWS\system32\wshunix.dll

dbghelp: loaded successfully - version: 4.0.5 - missing functions: none
symbol engine: initialized successfully - sym options: 0x614 - pdb path: .;C:\Users\Zulkar Naine Alam\.p2\pool\plugins\org.eclipse.justj.openjdk.hotspot.jre.full.win32.x86_64_20.0.1.v20230425-1611\jre\bin;C:\WINDOWS\SYSTEM32;C:\WINDOWS\WinSxS\amd64_microsoft.windows.common-controls_6595b64144ccf1df_6.0.26100.6899_none_3e0efeeae32e88c1;C:\Users\Zulkar Naine Alam\.p2\pool\plugins\org.eclipse.justj.openjdk.hotspot.jre.full.win32.x86_64_20.0.1.v20230425-1611\jre\bin\server

VM Arguments:
java_command: C:\Users\Zulkar Naine Alam\AppData\Local\Temp\surefire11954940765581976816\surefirebooter-20251030212620570_3.jar C:\Users\Zulkar Naine Alam\AppData\Local\Temp\surefire11954940765581976816 2025-10-30T21-26-20_277-jvmRun1 surefire-20251030212620570_1tmp surefire_0-20251030212620570_2tmp
java_class_path (initial): C:\Users\Zulkar Naine Alam\AppData\Local\Temp\surefire11954940765581976816\surefirebooter-20251030212620570_3.jar
Launcher Type: SUN_STANDARD

[Global flags]
     intx CICompilerCount                          = 4                                         {product} {ergonomic}
     uint ConcGCThreads                            = 2                                         {product} {ergonomic}
     uint G1ConcRefinementThreads                  = 8                                         {product} {ergonomic}
   size_t G1HeapRegionSize                         = 1048576                                   {product} {ergonomic}
    uintx GCDrainStackTargetSize                   = 64                                        {product} {ergonomic}
   size_t InitialHeapSize                          = 130023424                                 {product} {ergonomic}
   size_t MarkStackSize                            = 4194304                                   {product} {ergonomic}
   size_t MaxHeapSize                              = 2055208960                                {product} {ergonomic}
   size_t MaxNewSize                               = 1233125376                                {product} {ergonomic}
   size_t MinHeapDeltaBytes                        = 1048576                                   {product} {ergonomic}
   size_t MinHeapSize                              = 8388608                                   {product} {ergonomic}
    uintx NonNMethodCodeHeapSize                   = 5839372                                {pd product} {ergonomic}
    uintx NonProfiledCodeHeapSize                  = 122909434                              {pd product} {ergonomic}
    uintx ProfiledCodeHeapSize                     = 122909434                              {pd product} {ergonomic}
    uintx ReservedCodeCacheSize                    = 251658240                              {pd product} {ergonomic}
     bool SegmentedCodeCache                       = true                                      {product} {ergonomic}
   size_t SoftMaxHeapSize                          = 2055208960                             {manageable} {ergonomic}
     bool UseCompressedClassPointers               = true                           {product lp64_product} {ergonomic}
     bool UseCompressedOops                        = true                           {product lp64_product} {ergonomic}
     bool UseG1GC                                  = true                                      {product} {ergonomic}
     bool UseLargePagesIndividualAllocation        = false                                  {pd product} {ergonomic}

Logging:
Log output configuration:
 #0: stdout all=warning uptime,level,tags foldmultilines=false
 #1: stderr all=off uptime,level,tags foldmultilines=false

Environment Variables:
JAVA_HOME=C:\Program Files\Java\jdk-20
PATH=C:/Users/Zulkar Naine Alam/.p2/pool/plugins/org.eclipse.justj.openjdk.hotspot.jre.full.win32.x86_64_20.0.1.v20230425-1611/jre/bin/server;C:/Users/Zulkar Naine Alam/.p2/pool/plugins/org.eclipse.justj.openjdk.hotspot.jre.full.win32.x86_64_20.0.1.v20230425-1611/jre/bin;C:\Program Files\Java\jdk-20\bin;C:\Program Files\Common Files\Oracle\Java\javapath;C:\Program Files\Apache\Maven\apache-maven-3.9.6\bin;C:\ZULKAR\WINDOWS.X64_213000_db_home\bin;C:\oracle19c\dbhomeXE\bin;D:\Software\WINDOWS.X64_213000_db_home\bin;C:\Program Files (x86)\Common Files\Oracle\Java\java8path;C:\Program Files (x86)\Common Files\Oracle\Java\javapath;C:\Program Files (x86)\VMware\VMware Workstation\bin\;C:\OracleDeveloper\WINDOWSX64213000dbhome\bin;C:\app\ZulkarNaineAlam\product\21c\dbhomeXE\bin;C:\windows\system32;C:\windows;C:\windows\System32\Wbem;C:\windows\System32\WindowsPowerShell\v1.0\;C:\windows\System32\OpenSSH\;C:\Program Files\Git\cmd;C:\Program Files\HP\HP One Agent;C:\Program Files (x86)\dotnet\;C:\WINDOWS\system32;C:\WINDOWS;C:\WINDOWS\System32\Wbem;C:\WINDOWS\System32\WindowsPowerShell\v1.0\;C:\WINDOWS\System32\OpenSSH\;C:\Users\Zulkar Naine Alam\AppData\Local\nvm;C:\nvm4w\nodejs;C:\Users\Zulkar Naine Alam\Downloads\nvm;C:\ProgramData\chocolatey\bin;C:\Program Files\nodejs\;;C:\Program Files\Docker\Docker\resources\bin;C:\Program Files\Apache\Maven\apache-maven-3.9.6\bin;C:\Users\Zulkar Naine Alam\AppData\Local\Programs\Python\Python313;C:\Users\Zulkar Naine Alam\AppData\Local\Programs\Python\Python313\Scripts;C:\Users\Zulkar Naine Alam\AppData\Local\Microsoft\WindowsApps;C:\Users\Zulkar Naine Alam\AppData\Local\Programs\Microsoft VS Code\bin;C:\Users\Zulkar Naine Alam\AppData\Local\nvm;C:\nvm4w\nodejs;C:\Users\Zulkar Naine Alam\AppData\Roaming\npm;C:\Program Files\Java\jdk-20\bin;;C:\WINDOWS\system32;
USERNAME=Zulkar Naine Alam
OS=Windows_NT
PROCESSOR_IDENTIFIER=Intel64 Family 6 Model 140 Stepping 2, GenuineIntel
TMP=C:\Users\ZULKAR~1\AppData\Local\Temp
TEMP=C:\Users\ZULKAR~1\AppData\Local\Temp




---------------  S Y S T E M  ---------------

OS:
 Windows 11 , 64 bit Build 26100 (10.0.26100.6725)
OS uptime: 4 days 20:53 hours
Hyper-V role detected

CPU: total 8 (initial active 8) (4 cores per cpu, 2 threads per core) family 6 model 140 stepping 2 microcode 0x34, cx8, cmov, fxsr, ht, mmx, 3dnowpref, sse, sse2, sse3, ssse3, sse4.1, sse4.2, popcnt, lzcnt, tsc, tscinvbit, avx, avx2, aes, erms, clmul, bmi1, bmi2, adx, avx512f, avx512dq, avx512cd, avx512bw, avx512vl, sha, fma, vzeroupper, avx512_vpopcntdq, avx512_vpclmulqdq, avx512_vaes, avx512_vnni, clflush, clflushopt, clwb, avx512_vbmi2, avx512_vbmi, hv, rdtscp, rdpid, fsrm, gfni, avx512_bitalg, f16c, cet_ibt, cet_ss, avx512_ifma

Memory: 4k page, system-wide physical 7834M (638M free)
TotalPageFile size 31386M (AvailPageFile size 19M)
current process WorkingSet (physical memory assigned to process): 304M, peak: 306M
current process commit charge ("private bytes"): 333M, peak: 334M

vm_info: OpenJDK 64-Bit Server VM (20.0.1+9) for windows-amd64 JRE (20.0.1+9), built on 2023-04-18T00:00:00Z by "temurin" with MS VC++ 16.10 / 16.11 (VS2019)

END.
